{"C:\\Users\\Admin\\Desktop\\PortfolioBackend\\src\\app.ts": {"path":"C:\\Users\\Admin\\Desktop\\PortfolioBackend\\src\\app.ts","statementMap":{"0":{"start":{"line":2,"column":0},"end":{"line":2,"column":28}},"1":{"start":{"line":3,"column":0},"end":{"line":3,"column":30}},"2":{"start":{"line":4,"column":0},"end":{"line":4,"column":43}},"3":{"start":{"line":5,"column":0},"end":{"line":5,"column":40}},"4":{"start":{"line":8,"column":12},"end":{"line":8,"column":21}},"5":{"start":{"line":10,"column":0},"end":{"line":10,"column":16}},"6":{"start":{"line":13,"column":0},"end":{"line":17,"column":1}},"7":{"start":{"line":14,"column":2},"end":{"line":14,"column":52}},"8":{"start":{"line":15,"column":7},"end":{"line":17,"column":1}},"9":{"start":{"line":16,"column":2},"end":{"line":16,"column":55}},"10":{"start":{"line":19,"column":0},"end":{"line":19,"column":30}},"11":{"start":{"line":20,"column":0},"end":{"line":22,"column":5}},"12":{"start":{"line":21,"column":4},"end":{"line":21,"column":47}},"13":{"start":{"line":23,"column":1},"end":{"line":25,"column":5}},"14":{"start":{"line":24,"column":4},"end":{"line":24,"column":52}},"15":{"start":{"line":27,"column":0},"end":{"line":27,"column":19}}},"fnMap":{"0":{"name":"(anonymous_1)","decl":{"start":{"line":20,"column":13},"end":{"line":20,"column":14}},"loc":{"start":{"line":20,"column":43},"end":{"line":22,"column":3}}},"1":{"name":"(anonymous_2)","decl":{"start":{"line":23,"column":16},"end":{"line":23,"column":17}},"loc":{"start":{"line":23,"column":48},"end":{"line":25,"column":3}}}},"branchMap":{"0":{"loc":{"start":{"line":13,"column":0},"end":{"line":17,"column":1}},"type":"if","locations":[{"start":{"line":13,"column":0},"end":{"line":17,"column":1}},{"start":{"line":15,"column":7},"end":{"line":17,"column":1}}]},"1":{"loc":{"start":{"line":15,"column":7},"end":{"line":17,"column":1}},"type":"if","locations":[{"start":{"line":15,"column":7},"end":{"line":17,"column":1}}]}},"s":{"0":3,"1":3,"2":3,"3":3,"4":3,"5":3,"6":3,"7":3,"8":0,"9":0,"10":3,"11":3,"12":1,"13":3,"14":1,"15":3},"f":{"0":1,"1":1},"b":{"0":[3,0],"1":[0]}}
,"C:\\Users\\Admin\\Desktop\\PortfolioBackend\\src\\cloudinary.ts": {"path":"C:\\Users\\Admin\\Desktop\\PortfolioBackend\\src\\cloudinary.ts","statementMap":{"0":{"start":{"line":1,"column":0},"end":{"line":1,"column":46}},"1":{"start":{"line":2,"column":0},"end":{"line":2,"column":28}},"2":{"start":{"line":4,"column":0},"end":{"line":4,"column":16}},"3":{"start":{"line":6,"column":0},"end":{"line":10,"column":3}},"4":{"start":{"line":12,"column":32},"end":{"line":20,"column":2}},"5":{"start":{"line":12,"column":68},"end":{"line":20,"column":2}},"6":{"start":{"line":13,"column":4},"end":{"line":19,"column":5}},"7":{"start":{"line":14,"column":23},"end":{"line":14,"column":66}},"8":{"start":{"line":15,"column":8},"end":{"line":15,"column":33}},"9":{"start":{"line":17,"column":8},"end":{"line":17,"column":69}},"10":{"start":{"line":18,"column":8},"end":{"line":18,"column":20}},"11":{"start":{"line":22,"column":0},"end":{"line":22,"column":39}}},"fnMap":{"0":{"name":"(anonymous_8)","decl":{"start":{"line":12,"column":32},"end":{"line":12,"column":39}},"loc":{"start":{"line":12,"column":68},"end":{"line":20,"column":2}}},"1":{"name":"(anonymous_9)","decl":{"start":{"line":12,"column":68},"end":{"line":12,"column":null}},"loc":{"start":{"line":12,"column":68},"end":{"line":20,"column":1}}}},"branchMap":{},"s":{"0":3,"1":3,"2":3,"3":3,"4":3,"5":0,"6":0,"7":0,"8":0,"9":0,"10":0,"11":3},"f":{"0":0,"1":0},"b":{}}
,"C:\\Users\\Admin\\Desktop\\PortfolioBackend\\src\\server.ts": {"path":"C:\\Users\\Admin\\Desktop\\PortfolioBackend\\src\\server.ts","statementMap":{"0":{"start":{"line":1,"column":0},"end":{"line":1,"column":53}},"1":{"start":{"line":2,"column":0},"end":{"line":2,"column":28}},"2":{"start":{"line":4,"column":0},"end":{"line":4,"column":16}},"3":{"start":{"line":7,"column":26},"end":{"line":14,"column":2}},"4":{"start":{"line":7,"column":54},"end":{"line":14,"column":2}},"5":{"start":{"line":8,"column":4},"end":{"line":13,"column":5}},"6":{"start":{"line":9,"column":9},"end":{"line":9,"column":44}},"7":{"start":{"line":10,"column":8},"end":{"line":10,"column":49}},"8":{"start":{"line":12,"column":8},"end":{"line":12,"column":66}},"9":{"start":{"line":15,"column":0},"end":{"line":15,"column":null}}},"fnMap":{"0":{"name":"(anonymous_8)","decl":{"start":{"line":7,"column":26},"end":{"line":7,"column":33}},"loc":{"start":{"line":7,"column":54},"end":{"line":14,"column":2}}},"1":{"name":"(anonymous_9)","decl":{"start":{"line":7,"column":54},"end":{"line":7,"column":null}},"loc":{"start":{"line":7,"column":54},"end":{"line":14,"column":1}}}},"branchMap":{},"s":{"0":3,"1":3,"2":3,"3":3,"4":6,"5":6,"6":6,"7":2,"8":3,"9":3},"f":{"0":6,"1":6},"b":{}}
,"C:\\Users\\Admin\\Desktop\\PortfolioBackend\\src\\Authorize\\auth.ts": {"path":"C:\\Users\\Admin\\Desktop\\PortfolioBackend\\src\\Authorize\\auth.ts","statementMap":{"0":{"start":{"line":2,"column":0},"end":{"line":2,"column":31}},"1":{"start":{"line":8,"column":19},"end":{"line":36,"column":1}},"2":{"start":{"line":9,"column":4},"end":{"line":35,"column":5}},"3":{"start":{"line":10,"column":27},"end":{"line":10,"column":55}},"4":{"start":{"line":11,"column":20},"end":{"line":11,"column":24}},"5":{"start":{"line":12,"column":9},"end":{"line":12,"column":56}},"6":{"start":{"line":13,"column":8},"end":{"line":15,"column":9}},"7":{"start":{"line":14,"column":12},"end":{"line":14,"column":53}},"8":{"start":{"line":17,"column":8},"end":{"line":19,"column":9}},"9":{"start":{"line":18,"column":12},"end":{"line":18,"column":57}},"10":{"start":{"line":21,"column":23},"end":{"line":21,"column":101}},"11":{"start":{"line":22,"column":8},"end":{"line":22,"column":36}},"12":{"start":{"line":24,"column":8},"end":{"line":24,"column":30}},"13":{"start":{"line":26,"column":8},"end":{"line":26,"column":15}},"14":{"start":{"line":28,"column":8},"end":{"line":28,"column":29}},"15":{"start":{"line":29,"column":8},"end":{"line":34,"column":11}},"16":{"start":{"line":38,"column":0},"end":{"line":38,"column":26}}},"fnMap":{"0":{"name":"(anonymous_1)","decl":{"start":{"line":8,"column":19},"end":{"line":8,"column":20}},"loc":{"start":{"line":8,"column":77},"end":{"line":36,"column":1}}}},"branchMap":{"0":{"loc":{"start":{"line":12,"column":17},"end":{"line":12,"column":55}},"type":"binary-expr","locations":[{"start":{"line":12,"column":17},"end":{"line":12,"column":27}},{"start":{"line":12,"column":31},"end":{"line":12,"column":55}}]},"1":{"loc":{"start":{"line":13,"column":8},"end":{"line":15,"column":9}},"type":"if","locations":[{"start":{"line":13,"column":8},"end":{"line":15,"column":9}}]},"2":{"loc":{"start":{"line":17,"column":8},"end":{"line":19,"column":9}},"type":"if","locations":[{"start":{"line":17,"column":8},"end":{"line":19,"column":9}}]}},"s":{"0":3,"1":3,"2":7,"3":7,"4":7,"5":7,"6":7,"7":0,"8":7,"9":0,"10":7,"11":7,"12":7,"13":7,"14":0,"15":0,"16":3},"f":{"0":7},"b":{"0":[7,7],"1":[0],"2":[0]}}
,"C:\\Users\\Admin\\Desktop\\PortfolioBackend\\src\\Controllers\\BlogController.ts": {"path":"C:\\Users\\Admin\\Desktop\\PortfolioBackend\\src\\Controllers\\BlogController.ts","statementMap":{"0":{"start":{"line":2,"column":0},"end":{"line":2,"column":37}},"1":{"start":{"line":3,"column":0},"end":{"line":3,"column":56}},"2":{"start":{"line":5,"column":0},"end":{"line":5,"column":52}},"3":{"start":{"line":8,"column":26},"end":{"line":31,"column":2}},"4":{"start":{"line":8,"column":64},"end":{"line":31,"column":2}},"5":{"start":{"line":9,"column":2},"end":{"line":30,"column":3}},"6":{"start":{"line":10,"column":4},"end":{"line":26,"column":7}},"7":{"start":{"line":10,"column":56},"end":{"line":26,"column":6}},"8":{"start":{"line":11,"column":6},"end":{"line":14,"column":7}},"9":{"start":{"line":12,"column":8},"end":{"line":12,"column":52}},"10":{"start":{"line":13,"column":8},"end":{"line":13,"column":76}},"11":{"start":{"line":16,"column":27},"end":{"line":16,"column":84}},"12":{"start":{"line":17,"column":24},"end":{"line":19,"column":null}},"13":{"start":{"line":22,"column":8},"end":{"line":22,"column":29}},"14":{"start":{"line":24,"column":8},"end":{"line":24,"column":81}},"15":{"start":{"line":28,"column":4},"end":{"line":28,"column":49}},"16":{"start":{"line":29,"column":4},"end":{"line":29,"column":65}},"17":{"start":{"line":8,"column":13},"end":{"line":8,"column":26}},"18":{"start":{"line":37,"column":26},"end":{"line":48,"column":2}},"19":{"start":{"line":37,"column":64},"end":{"line":48,"column":2}},"20":{"start":{"line":38,"column":2},"end":{"line":47,"column":3}},"21":{"start":{"line":39,"column":26},"end":{"line":39,"column":70}},"22":{"start":{"line":40,"column":6},"end":{"line":42,"column":7}},"23":{"start":{"line":41,"column":10},"end":{"line":41,"column":67}},"24":{"start":{"line":43,"column":6},"end":{"line":43,"column":56}},"25":{"start":{"line":45,"column":6},"end":{"line":45,"column":27}},"26":{"start":{"line":46,"column":6},"end":{"line":46,"column":63}},"27":{"start":{"line":37,"column":13},"end":{"line":37,"column":26}},"28":{"start":{"line":51,"column":26},"end":{"line":86,"column":2}},"29":{"start":{"line":51,"column":64},"end":{"line":86,"column":2}},"30":{"start":{"line":52,"column":2},"end":{"line":85,"column":3}},"31":{"start":{"line":53,"column":4},"end":{"line":81,"column":7}},"32":{"start":{"line":53,"column":56},"end":{"line":81,"column":6}},"33":{"start":{"line":54,"column":6},"end":{"line":57,"column":7}},"34":{"start":{"line":55,"column":8},"end":{"line":55,"column":52}},"35":{"start":{"line":56,"column":8},"end":{"line":56,"column":76}},"36":{"start":{"line":59,"column":6},"end":{"line":80,"column":7}},"37":{"start":{"line":60,"column":21},"end":{"line":60,"column":55}},"38":{"start":{"line":62,"column":8},"end":{"line":64,"column":9}},"39":{"start":{"line":63,"column":10},"end":{"line":63,"column":67}},"40":{"start":{"line":66,"column":8},"end":{"line":66,"column":50}},"41":{"start":{"line":67,"column":8},"end":{"line":67,"column":64}},"42":{"start":{"line":69,"column":8},"end":{"line":72,"column":9}},"43":{"start":{"line":70,"column":29},"end":{"line":70,"column":68}},"44":{"start":{"line":71,"column":10},"end":{"line":71,"column":33}},"45":{"start":{"line":74,"column":28},"end":{"line":74,"column":45}},"46":{"start":{"line":76,"column":8},"end":{"line":76,"column":85}},"47":{"start":{"line":78,"column":8},"end":{"line":78,"column":53}},"48":{"start":{"line":79,"column":8},"end":{"line":79,"column":69}},"49":{"start":{"line":83,"column":4},"end":{"line":83,"column":49}},"50":{"start":{"line":84,"column":4},"end":{"line":84,"column":65}},"51":{"start":{"line":51,"column":13},"end":{"line":51,"column":26}},"52":{"start":{"line":88,"column":26},"end":{"line":96,"column":2}},"53":{"start":{"line":88,"column":64},"end":{"line":96,"column":2}},"54":{"start":{"line":89,"column":4},"end":{"line":95,"column":5}},"55":{"start":{"line":90,"column":22},"end":{"line":90,"column":47}},"56":{"start":{"line":91,"column":8},"end":{"line":91,"column":36}},"57":{"start":{"line":93,"column":8},"end":{"line":93,"column":27}},"58":{"start":{"line":94,"column":8},"end":{"line":94,"column":34}},"59":{"start":{"line":88,"column":13},"end":{"line":88,"column":26}},"60":{"start":{"line":99,"column":27},"end":{"line":110,"column":2}},"61":{"start":{"line":99,"column":65},"end":{"line":110,"column":2}},"62":{"start":{"line":100,"column":2},"end":{"line":109,"column":3}},"63":{"start":{"line":101,"column":19},"end":{"line":101,"column":61}},"64":{"start":{"line":102,"column":6},"end":{"line":104,"column":7}},"65":{"start":{"line":103,"column":10},"end":{"line":103,"column":67}},"66":{"start":{"line":105,"column":6},"end":{"line":105,"column":33}},"67":{"start":{"line":107,"column":6},"end":{"line":107,"column":27}},"68":{"start":{"line":108,"column":6},"end":{"line":108,"column":63}},"69":{"start":{"line":99,"column":13},"end":{"line":99,"column":27}},"70":{"start":{"line":112,"column":23},"end":{"line":118,"column":2}},"71":{"start":{"line":120,"column":0},"end":{"line":120,"column":null}}},"fnMap":{"0":{"name":"(anonymous_8)","decl":{"start":{"line":8,"column":26},"end":{"line":8,"column":33}},"loc":{"start":{"line":8,"column":64},"end":{"line":31,"column":2}}},"1":{"name":"(anonymous_9)","decl":{"start":{"line":8,"column":64},"end":{"line":8,"column":null}},"loc":{"start":{"line":8,"column":64},"end":{"line":31,"column":1}}},"2":{"name":"(anonymous_10)","decl":{"start":{"line":10,"column":37},"end":{"line":10,"column":44}},"loc":{"start":{"line":10,"column":56},"end":{"line":26,"column":6}}},"3":{"name":"(anonymous_11)","decl":{"start":{"line":10,"column":56},"end":{"line":10,"column":null}},"loc":{"start":{"line":10,"column":56},"end":{"line":26,"column":5}}},"4":{"name":"(anonymous_12)","decl":{"start":{"line":37,"column":26},"end":{"line":37,"column":33}},"loc":{"start":{"line":37,"column":64},"end":{"line":48,"column":2}}},"5":{"name":"(anonymous_13)","decl":{"start":{"line":37,"column":64},"end":{"line":37,"column":null}},"loc":{"start":{"line":37,"column":64},"end":{"line":48,"column":1}}},"6":{"name":"(anonymous_14)","decl":{"start":{"line":51,"column":26},"end":{"line":51,"column":33}},"loc":{"start":{"line":51,"column":64},"end":{"line":86,"column":2}}},"7":{"name":"(anonymous_15)","decl":{"start":{"line":51,"column":64},"end":{"line":51,"column":null}},"loc":{"start":{"line":51,"column":64},"end":{"line":86,"column":1}}},"8":{"name":"(anonymous_16)","decl":{"start":{"line":53,"column":37},"end":{"line":53,"column":44}},"loc":{"start":{"line":53,"column":56},"end":{"line":81,"column":6}}},"9":{"name":"(anonymous_17)","decl":{"start":{"line":53,"column":56},"end":{"line":53,"column":null}},"loc":{"start":{"line":53,"column":56},"end":{"line":81,"column":5}}},"10":{"name":"(anonymous_18)","decl":{"start":{"line":88,"column":26},"end":{"line":88,"column":33}},"loc":{"start":{"line":88,"column":64},"end":{"line":96,"column":2}}},"11":{"name":"(anonymous_19)","decl":{"start":{"line":88,"column":64},"end":{"line":88,"column":null}},"loc":{"start":{"line":88,"column":64},"end":{"line":96,"column":1}}},"12":{"name":"(anonymous_20)","decl":{"start":{"line":99,"column":27},"end":{"line":99,"column":34}},"loc":{"start":{"line":99,"column":65},"end":{"line":110,"column":2}}},"13":{"name":"(anonymous_21)","decl":{"start":{"line":99,"column":65},"end":{"line":99,"column":null}},"loc":{"start":{"line":99,"column":65},"end":{"line":110,"column":1}}}},"branchMap":{"0":{"loc":{"start":{"line":11,"column":6},"end":{"line":14,"column":7}},"type":"if","locations":[{"start":{"line":11,"column":6},"end":{"line":14,"column":7}}]},"1":{"loc":{"start":{"line":16,"column":27},"end":{"line":16,"column":84}},"type":"cond-expr","locations":[{"start":{"line":16,"column":38},"end":{"line":16,"column":77}},{"start":{"line":16,"column":80},"end":{"line":16,"column":84}}]},"2":{"loc":{"start":{"line":19,"column":16},"end":{"line":19,"column":32}},"type":"binary-expr","locations":[{"start":{"line":19,"column":16},"end":{"line":19,"column":26}},{"start":{"line":19,"column":28},"end":{"line":19,"column":32}}]},"3":{"loc":{"start":{"line":40,"column":6},"end":{"line":42,"column":7}},"type":"if","locations":[{"start":{"line":40,"column":6},"end":{"line":42,"column":7}}]},"4":{"loc":{"start":{"line":54,"column":6},"end":{"line":57,"column":7}},"type":"if","locations":[{"start":{"line":54,"column":6},"end":{"line":57,"column":7}}]},"5":{"loc":{"start":{"line":62,"column":8},"end":{"line":64,"column":9}},"type":"if","locations":[{"start":{"line":62,"column":8},"end":{"line":64,"column":9}}]},"6":{"loc":{"start":{"line":66,"column":21},"end":{"line":66,"column":49}},"type":"binary-expr","locations":[{"start":{"line":66,"column":21},"end":{"line":66,"column":35}},{"start":{"line":66,"column":39},"end":{"line":66,"column":49}}]},"7":{"loc":{"start":{"line":67,"column":27},"end":{"line":67,"column":63}},"type":"binary-expr","locations":[{"start":{"line":67,"column":27},"end":{"line":67,"column":43}},{"start":{"line":67,"column":47},"end":{"line":67,"column":63}}]},"8":{"loc":{"start":{"line":69,"column":8},"end":{"line":72,"column":9}},"type":"if","locations":[{"start":{"line":69,"column":8},"end":{"line":72,"column":9}}]},"9":{"loc":{"start":{"line":102,"column":6},"end":{"line":104,"column":7}},"type":"if","locations":[{"start":{"line":102,"column":6},"end":{"line":104,"column":7}}]}},"s":{"0":3,"1":3,"2":3,"3":3,"4":1,"5":1,"6":1,"7":1,"8":1,"9":0,"10":0,"11":1,"12":1,"13":1,"14":0,"15":0,"16":0,"17":3,"18":3,"19":2,"20":2,"21":2,"22":0,"23":0,"24":0,"25":2,"26":2,"27":3,"28":3,"29":2,"30":2,"31":2,"32":2,"33":2,"34":0,"35":0,"36":2,"37":2,"38":0,"39":0,"40":0,"41":0,"42":0,"43":0,"44":0,"45":0,"46":0,"47":2,"48":2,"49":0,"50":0,"51":3,"52":3,"53":1,"54":1,"55":1,"56":1,"57":0,"58":0,"59":3,"60":3,"61":1,"62":1,"63":1,"64":0,"65":0,"66":0,"67":1,"68":1,"69":3,"70":3,"71":3},"f":{"0":1,"1":1,"2":1,"3":1,"4":2,"5":2,"6":2,"7":2,"8":2,"9":2,"10":1,"11":1,"12":1,"13":1},"b":{"0":[0],"1":[0,1],"2":[1,1],"3":[0],"4":[0],"5":[0],"6":[0,0],"7":[0,0],"8":[0],"9":[0]}}
,"C:\\Users\\Admin\\Desktop\\PortfolioBackend\\src\\Controllers\\CommentController.ts": {"path":"C:\\Users\\Admin\\Desktop\\PortfolioBackend\\src\\Controllers\\CommentController.ts","statementMap":{"0":{"start":{"line":2,"column":0},"end":{"line":2,"column":44}},"1":{"start":{"line":4,"column":29},"end":{"line":13,"column":2}},"2":{"start":{"line":4,"column":67},"end":{"line":13,"column":2}},"3":{"start":{"line":5,"column":4},"end":{"line":12,"column":5}},"4":{"start":{"line":6,"column":44},"end":{"line":6,"column":52}},"5":{"start":{"line":7,"column":27},"end":{"line":7,"column":77}},"6":{"start":{"line":8,"column":8},"end":{"line":8,"column":87}},"7":{"start":{"line":10,"column":8},"end":{"line":10,"column":56}},"8":{"start":{"line":11,"column":8},"end":{"line":11,"column":65}},"9":{"start":{"line":4,"column":13},"end":{"line":4,"column":29}},"10":{"start":{"line":15,"column":30},"end":{"line":28,"column":2}},"11":{"start":{"line":15,"column":68},"end":{"line":28,"column":2}},"12":{"start":{"line":16,"column":4},"end":{"line":27,"column":5}},"13":{"start":{"line":17,"column":23},"end":{"line":17,"column":33}},"14":{"start":{"line":18,"column":24},"end":{"line":18,"column":51}},"15":{"start":{"line":19,"column":8},"end":{"line":23,"column":9}},"16":{"start":{"line":20,"column":12},"end":{"line":20,"column":67}},"17":{"start":{"line":22,"column":12},"end":{"line":22,"column":30}},"18":{"start":{"line":25,"column":8},"end":{"line":25,"column":62}},"19":{"start":{"line":26,"column":8},"end":{"line":26,"column":67}},"20":{"start":{"line":15,"column":13},"end":{"line":15,"column":30}},"21":{"start":{"line":30,"column":29},"end":{"line":44,"column":2}},"22":{"start":{"line":30,"column":67},"end":{"line":44,"column":2}},"23":{"start":{"line":31,"column":4},"end":{"line":43,"column":5}},"24":{"start":{"line":32,"column":23},"end":{"line":32,"column":33}},"25":{"start":{"line":33,"column":44},"end":{"line":33,"column":52}},"26":{"start":{"line":34,"column":31},"end":{"line":34,"column":111}},"27":{"start":{"line":35,"column":8},"end":{"line":39,"column":9}},"28":{"start":{"line":36,"column":12},"end":{"line":36,"column":67}},"29":{"start":{"line":38,"column":12},"end":{"line":38,"column":94}},"30":{"start":{"line":41,"column":8},"end":{"line":41,"column":56}},"31":{"start":{"line":42,"column":8},"end":{"line":42,"column":68}},"32":{"start":{"line":30,"column":13},"end":{"line":30,"column":29}},"33":{"start":{"line":46,"column":29},"end":{"line":59,"column":2}},"34":{"start":{"line":46,"column":67},"end":{"line":59,"column":2}},"35":{"start":{"line":47,"column":4},"end":{"line":58,"column":5}},"36":{"start":{"line":48,"column":23},"end":{"line":48,"column":33}},"37":{"start":{"line":49,"column":31},"end":{"line":49,"column":67}},"38":{"start":{"line":50,"column":8},"end":{"line":54,"column":9}},"39":{"start":{"line":51,"column":12},"end":{"line":51,"column":67}},"40":{"start":{"line":53,"column":12},"end":{"line":53,"column":94}},"41":{"start":{"line":56,"column":8},"end":{"line":56,"column":56}},"42":{"start":{"line":57,"column":8},"end":{"line":57,"column":68}},"43":{"start":{"line":46,"column":13},"end":{"line":46,"column":29}},"44":{"start":{"line":61,"column":30},"end":{"line":70,"column":2}},"45":{"start":{"line":61,"column":68},"end":{"line":70,"column":2}},"46":{"start":{"line":62,"column":4},"end":{"line":69,"column":5}},"47":{"start":{"line":63,"column":25},"end":{"line":63,"column":46}},"48":{"start":{"line":64,"column":32},"end":{"line":64,"column":73}},"49":{"start":{"line":65,"column":8},"end":{"line":65,"column":81}},"50":{"start":{"line":67,"column":8},"end":{"line":67,"column":61}},"51":{"start":{"line":68,"column":8},"end":{"line":68,"column":68}},"52":{"start":{"line":61,"column":13},"end":{"line":61,"column":30}},"53":{"start":{"line":72,"column":26},"end":{"line":78,"column":2}},"54":{"start":{"line":80,"column":0},"end":{"line":80,"column":33}}},"fnMap":{"0":{"name":"(anonymous_8)","decl":{"start":{"line":4,"column":29},"end":{"line":4,"column":36}},"loc":{"start":{"line":4,"column":67},"end":{"line":13,"column":2}}},"1":{"name":"(anonymous_9)","decl":{"start":{"line":4,"column":67},"end":{"line":4,"column":null}},"loc":{"start":{"line":4,"column":67},"end":{"line":13,"column":1}}},"2":{"name":"(anonymous_10)","decl":{"start":{"line":15,"column":30},"end":{"line":15,"column":37}},"loc":{"start":{"line":15,"column":68},"end":{"line":28,"column":2}}},"3":{"name":"(anonymous_11)","decl":{"start":{"line":15,"column":68},"end":{"line":15,"column":null}},"loc":{"start":{"line":15,"column":68},"end":{"line":28,"column":1}}},"4":{"name":"(anonymous_12)","decl":{"start":{"line":30,"column":29},"end":{"line":30,"column":36}},"loc":{"start":{"line":30,"column":67},"end":{"line":44,"column":2}}},"5":{"name":"(anonymous_13)","decl":{"start":{"line":30,"column":67},"end":{"line":30,"column":null}},"loc":{"start":{"line":30,"column":67},"end":{"line":44,"column":1}}},"6":{"name":"(anonymous_14)","decl":{"start":{"line":46,"column":29},"end":{"line":46,"column":36}},"loc":{"start":{"line":46,"column":67},"end":{"line":59,"column":2}}},"7":{"name":"(anonymous_15)","decl":{"start":{"line":46,"column":67},"end":{"line":46,"column":null}},"loc":{"start":{"line":46,"column":67},"end":{"line":59,"column":1}}},"8":{"name":"(anonymous_16)","decl":{"start":{"line":61,"column":30},"end":{"line":61,"column":37}},"loc":{"start":{"line":61,"column":68},"end":{"line":70,"column":2}}},"9":{"name":"(anonymous_17)","decl":{"start":{"line":61,"column":68},"end":{"line":61,"column":null}},"loc":{"start":{"line":61,"column":68},"end":{"line":70,"column":1}}}},"branchMap":{"0":{"loc":{"start":{"line":19,"column":8},"end":{"line":23,"column":9}},"type":"if","locations":[{"start":{"line":19,"column":8},"end":{"line":23,"column":9}},{"start":{"line":21,"column":15},"end":{"line":23,"column":9}}]},"1":{"loc":{"start":{"line":35,"column":8},"end":{"line":39,"column":9}},"type":"if","locations":[{"start":{"line":35,"column":8},"end":{"line":39,"column":9}},{"start":{"line":37,"column":15},"end":{"line":39,"column":9}}]},"2":{"loc":{"start":{"line":50,"column":8},"end":{"line":54,"column":9}},"type":"if","locations":[{"start":{"line":50,"column":8},"end":{"line":54,"column":9}},{"start":{"line":52,"column":15},"end":{"line":54,"column":9}}]}},"s":{"0":3,"1":3,"2":0,"3":0,"4":0,"5":0,"6":0,"7":0,"8":0,"9":3,"10":3,"11":0,"12":0,"13":0,"14":0,"15":0,"16":0,"17":0,"18":0,"19":0,"20":3,"21":3,"22":0,"23":0,"24":0,"25":0,"26":0,"27":0,"28":0,"29":0,"30":0,"31":0,"32":3,"33":3,"34":0,"35":0,"36":0,"37":0,"38":0,"39":0,"40":0,"41":0,"42":0,"43":3,"44":3,"45":0,"46":0,"47":0,"48":0,"49":0,"50":0,"51":0,"52":3,"53":3,"54":3},"f":{"0":0,"1":0,"2":0,"3":0,"4":0,"5":0,"6":0,"7":0,"8":0,"9":0},"b":{"0":[0,0],"1":[0,0],"2":[0,0]}}
,"C:\\Users\\Admin\\Desktop\\PortfolioBackend\\src\\Controllers\\LikesController.ts": {"path":"C:\\Users\\Admin\\Desktop\\PortfolioBackend\\src\\Controllers\\LikesController.ts","statementMap":{"0":{"start":{"line":2,"column":0},"end":{"line":2,"column":49}},"1":{"start":{"line":5,"column":32},"end":{"line":14,"column":2}},"2":{"start":{"line":5,"column":70},"end":{"line":14,"column":2}},"3":{"start":{"line":6,"column":4},"end":{"line":13,"column":5}},"4":{"start":{"line":7,"column":27},"end":{"line":7,"column":37}},"5":{"start":{"line":8,"column":31},"end":{"line":8,"column":58}},"6":{"start":{"line":9,"column":8},"end":{"line":9,"column":36}},"7":{"start":{"line":11,"column":8},"end":{"line":11,"column":65}},"8":{"start":{"line":12,"column":8},"end":{"line":12,"column":65}},"9":{"start":{"line":5,"column":13},"end":{"line":5,"column":32}},"10":{"start":{"line":18,"column":26},"end":{"line":29,"column":2}},"11":{"start":{"line":18,"column":64},"end":{"line":29,"column":2}},"12":{"start":{"line":19,"column":4},"end":{"line":28,"column":5}},"13":{"start":{"line":20,"column":35},"end":{"line":20,"column":43}},"14":{"start":{"line":21,"column":26},"end":{"line":21,"column":63}},"15":{"start":{"line":23,"column":24},"end":{"line":23,"column":61}},"16":{"start":{"line":24,"column":8},"end":{"line":24,"column":91}},"17":{"start":{"line":26,"column":8},"end":{"line":26,"column":53}},"18":{"start":{"line":27,"column":8},"end":{"line":27,"column":65}},"19":{"start":{"line":18,"column":13},"end":{"line":18,"column":26}},"20":{"start":{"line":32,"column":26},"end":{"line":45,"column":2}},"21":{"start":{"line":32,"column":64},"end":{"line":45,"column":2}},"22":{"start":{"line":33,"column":4},"end":{"line":44,"column":5}},"23":{"start":{"line":34,"column":23},"end":{"line":34,"column":33}},"24":{"start":{"line":35,"column":28},"end":{"line":35,"column":60}},"25":{"start":{"line":36,"column":8},"end":{"line":40,"column":9}},"26":{"start":{"line":37,"column":12},"end":{"line":37,"column":64}},"27":{"start":{"line":39,"column":12},"end":{"line":39,"column":88}},"28":{"start":{"line":42,"column":8},"end":{"line":42,"column":53}},"29":{"start":{"line":43,"column":8},"end":{"line":43,"column":65}},"30":{"start":{"line":32,"column":13},"end":{"line":32,"column":26}},"31":{"start":{"line":48,"column":27},"end":{"line":56,"column":2}},"32":{"start":{"line":48,"column":65},"end":{"line":56,"column":2}},"33":{"start":{"line":49,"column":4},"end":{"line":55,"column":5}},"34":{"start":{"line":50,"column":22},"end":{"line":50,"column":39}},"35":{"start":{"line":51,"column":8},"end":{"line":51,"column":36}},"36":{"start":{"line":53,"column":8},"end":{"line":53,"column":54}},"37":{"start":{"line":54,"column":8},"end":{"line":54,"column":65}},"38":{"start":{"line":48,"column":13},"end":{"line":48,"column":27}},"39":{"start":{"line":58,"column":27},"end":{"line":71,"column":2}},"40":{"start":{"line":58,"column":65},"end":{"line":71,"column":2}},"41":{"start":{"line":59,"column":4},"end":{"line":70,"column":5}},"42":{"start":{"line":60,"column":23},"end":{"line":60,"column":33}},"43":{"start":{"line":61,"column":21},"end":{"line":61,"column":44}},"44":{"start":{"line":62,"column":8},"end":{"line":66,"column":9}},"45":{"start":{"line":63,"column":12},"end":{"line":63,"column":64}},"46":{"start":{"line":65,"column":12},"end":{"line":65,"column":39}},"47":{"start":{"line":68,"column":8},"end":{"line":68,"column":59}},"48":{"start":{"line":69,"column":8},"end":{"line":69,"column":64}},"49":{"start":{"line":58,"column":13},"end":{"line":58,"column":27}},"50":{"start":{"line":74,"column":26},"end":{"line":89,"column":2}},"51":{"start":{"line":74,"column":64},"end":{"line":89,"column":2}},"52":{"start":{"line":75,"column":4},"end":{"line":88,"column":5}},"53":{"start":{"line":76,"column":23},"end":{"line":76,"column":33}},"54":{"start":{"line":77,"column":35},"end":{"line":77,"column":43}},"55":{"start":{"line":78,"column":27},"end":{"line":78,"column":56}},"56":{"start":{"line":79,"column":28},"end":{"line":79,"column":95}},"57":{"start":{"line":80,"column":8},"end":{"line":84,"column":9}},"58":{"start":{"line":81,"column":12},"end":{"line":81,"column":64}},"59":{"start":{"line":83,"column":12},"end":{"line":83,"column":99}},"60":{"start":{"line":86,"column":8},"end":{"line":86,"column":53}},"61":{"start":{"line":87,"column":8},"end":{"line":87,"column":65}},"62":{"start":{"line":74,"column":13},"end":{"line":74,"column":26}},"63":{"start":{"line":92,"column":23},"end":{"line":98,"column":2}},"64":{"start":{"line":100,"column":0},"end":{"line":100,"column":null}}},"fnMap":{"0":{"name":"(anonymous_8)","decl":{"start":{"line":5,"column":32},"end":{"line":5,"column":39}},"loc":{"start":{"line":5,"column":70},"end":{"line":14,"column":2}}},"1":{"name":"(anonymous_9)","decl":{"start":{"line":5,"column":70},"end":{"line":5,"column":null}},"loc":{"start":{"line":5,"column":70},"end":{"line":14,"column":1}}},"2":{"name":"(anonymous_10)","decl":{"start":{"line":18,"column":26},"end":{"line":18,"column":33}},"loc":{"start":{"line":18,"column":64},"end":{"line":29,"column":2}}},"3":{"name":"(anonymous_11)","decl":{"start":{"line":18,"column":64},"end":{"line":18,"column":null}},"loc":{"start":{"line":18,"column":64},"end":{"line":29,"column":1}}},"4":{"name":"(anonymous_12)","decl":{"start":{"line":32,"column":26},"end":{"line":32,"column":33}},"loc":{"start":{"line":32,"column":64},"end":{"line":45,"column":2}}},"5":{"name":"(anonymous_13)","decl":{"start":{"line":32,"column":64},"end":{"line":32,"column":null}},"loc":{"start":{"line":32,"column":64},"end":{"line":45,"column":1}}},"6":{"name":"(anonymous_14)","decl":{"start":{"line":48,"column":27},"end":{"line":48,"column":34}},"loc":{"start":{"line":48,"column":65},"end":{"line":56,"column":2}}},"7":{"name":"(anonymous_15)","decl":{"start":{"line":48,"column":65},"end":{"line":48,"column":null}},"loc":{"start":{"line":48,"column":65},"end":{"line":56,"column":1}}},"8":{"name":"(anonymous_16)","decl":{"start":{"line":58,"column":27},"end":{"line":58,"column":34}},"loc":{"start":{"line":58,"column":65},"end":{"line":71,"column":2}}},"9":{"name":"(anonymous_17)","decl":{"start":{"line":58,"column":65},"end":{"line":58,"column":null}},"loc":{"start":{"line":58,"column":65},"end":{"line":71,"column":1}}},"10":{"name":"(anonymous_18)","decl":{"start":{"line":74,"column":26},"end":{"line":74,"column":33}},"loc":{"start":{"line":74,"column":64},"end":{"line":89,"column":2}}},"11":{"name":"(anonymous_19)","decl":{"start":{"line":74,"column":64},"end":{"line":74,"column":null}},"loc":{"start":{"line":74,"column":64},"end":{"line":89,"column":1}}}},"branchMap":{"0":{"loc":{"start":{"line":36,"column":8},"end":{"line":40,"column":9}},"type":"if","locations":[{"start":{"line":36,"column":8},"end":{"line":40,"column":9}},{"start":{"line":38,"column":15},"end":{"line":40,"column":9}}]},"1":{"loc":{"start":{"line":62,"column":8},"end":{"line":66,"column":9}},"type":"if","locations":[{"start":{"line":62,"column":8},"end":{"line":66,"column":9}},{"start":{"line":64,"column":15},"end":{"line":66,"column":9}}]},"2":{"loc":{"start":{"line":80,"column":8},"end":{"line":84,"column":9}},"type":"if","locations":[{"start":{"line":80,"column":8},"end":{"line":84,"column":9}},{"start":{"line":82,"column":15},"end":{"line":84,"column":9}}]}},"s":{"0":3,"1":3,"2":0,"3":0,"4":0,"5":0,"6":0,"7":0,"8":0,"9":3,"10":3,"11":0,"12":0,"13":0,"14":0,"15":0,"16":0,"17":0,"18":0,"19":3,"20":3,"21":0,"22":0,"23":0,"24":0,"25":0,"26":0,"27":0,"28":0,"29":0,"30":3,"31":3,"32":0,"33":0,"34":0,"35":0,"36":0,"37":0,"38":3,"39":3,"40":0,"41":0,"42":0,"43":0,"44":0,"45":0,"46":0,"47":0,"48":0,"49":3,"50":3,"51":0,"52":0,"53":0,"54":0,"55":0,"56":0,"57":0,"58":0,"59":0,"60":0,"61":0,"62":3,"63":3,"64":3},"f":{"0":0,"1":0,"2":0,"3":0,"4":0,"5":0,"6":0,"7":0,"8":0,"9":0,"10":0,"11":0},"b":{"0":[0,0],"1":[0,0],"2":[0,0]}}
,"C:\\Users\\Admin\\Desktop\\PortfolioBackend\\src\\Controllers\\UserController.ts": {"path":"C:\\Users\\Admin\\Desktop\\PortfolioBackend\\src\\Controllers\\UserController.ts","statementMap":{"0":{"start":{"line":2,"column":0},"end":{"line":2,"column":39}},"1":{"start":{"line":3,"column":0},"end":{"line":3,"column":41}},"2":{"start":{"line":4,"column":0},"end":{"line":4,"column":30}},"3":{"start":{"line":5,"column":0},"end":{"line":5,"column":27}},"4":{"start":{"line":6,"column":0},"end":{"line":6,"column":null}},"5":{"start":{"line":9,"column":18},"end":{"line":9,"column":51}},"6":{"start":{"line":11,"column":26},"end":{"line":32,"column":2}},"7":{"start":{"line":11,"column":64},"end":{"line":32,"column":2}},"8":{"start":{"line":12,"column":44},"end":{"line":12,"column":52}},"9":{"start":{"line":13,"column":23},"end":{"line":13,"column":25}},"10":{"start":{"line":15,"column":4},"end":{"line":31,"column":5}},"11":{"start":{"line":17,"column":31},"end":{"line":17,"column":70}},"12":{"start":{"line":19,"column":24},"end":{"line":24,"column":10}},"13":{"start":{"line":26,"column":8},"end":{"line":26,"column":29}},"14":{"start":{"line":27,"column":8},"end":{"line":27,"column":87}},"15":{"start":{"line":29,"column":8},"end":{"line":29,"column":27}},"16":{"start":{"line":30,"column":8},"end":{"line":30,"column":69}},"17":{"start":{"line":11,"column":13},"end":{"line":11,"column":26}},"18":{"start":{"line":34,"column":26},"end":{"line":43,"column":2}},"19":{"start":{"line":34,"column":64},"end":{"line":43,"column":2}},"20":{"start":{"line":35,"column":15},"end":{"line":36,"column":null}},"21":{"start":{"line":38,"column":4},"end":{"line":42,"column":7}},"22":{"start":{"line":39,"column":8},"end":{"line":39,"column":57}},"23":{"start":{"line":41,"column":8},"end":{"line":41,"column":69}},"24":{"start":{"line":34,"column":13},"end":{"line":34,"column":26}},"25":{"start":{"line":47,"column":25},"end":{"line":72,"column":2}},"26":{"start":{"line":47,"column":63},"end":{"line":72,"column":2}},"27":{"start":{"line":48,"column":32},"end":{"line":48,"column":40}},"28":{"start":{"line":50,"column":4},"end":{"line":71,"column":5}},"29":{"start":{"line":51,"column":21},"end":{"line":51,"column":50}},"30":{"start":{"line":53,"column":8},"end":{"line":55,"column":9}},"31":{"start":{"line":54,"column":12},"end":{"line":54,"column":69}},"32":{"start":{"line":57,"column":29},"end":{"line":57,"column":68}},"33":{"start":{"line":58,"column":30},"end":{"line":58,"column":72}},"34":{"start":{"line":60,"column":8},"end":{"line":62,"column":9}},"35":{"start":{"line":61,"column":12},"end":{"line":61,"column":67}},"36":{"start":{"line":63,"column":26},"end":{"line":63,"column":108}},"37":{"start":{"line":65,"column":72},"end":{"line":65,"column":87}},"38":{"start":{"line":65,"column":54},"end":{"line":65,"column":59}},"39":{"start":{"line":65,"column":67},"end":{"line":65,"column":72}},"40":{"start":{"line":66,"column":8},"end":{"line":66,"column":64}},"41":{"start":{"line":69,"column":8},"end":{"line":69,"column":65}},"42":{"start":{"line":70,"column":8},"end":{"line":70,"column":36}},"43":{"start":{"line":47,"column":13},"end":{"line":47,"column":25}},"44":{"start":{"line":75,"column":26},"end":{"line":86,"column":2}},"45":{"start":{"line":75,"column":64},"end":{"line":86,"column":2}},"46":{"start":{"line":76,"column":4},"end":{"line":85,"column":5}},"47":{"start":{"line":77,"column":21},"end":{"line":77,"column":89}},"48":{"start":{"line":78,"column":8},"end":{"line":80,"column":9}},"49":{"start":{"line":79,"column":12},"end":{"line":79,"column":71}},"50":{"start":{"line":81,"column":8},"end":{"line":81,"column":84}},"51":{"start":{"line":83,"column":8},"end":{"line":83,"column":53}},"52":{"start":{"line":84,"column":8},"end":{"line":84,"column":74}},"53":{"start":{"line":75,"column":13},"end":{"line":75,"column":26}},"54":{"start":{"line":89,"column":26},"end":{"line":97,"column":2}},"55":{"start":{"line":89,"column":64},"end":{"line":97,"column":2}},"56":{"start":{"line":90,"column":4},"end":{"line":96,"column":5}},"57":{"start":{"line":91,"column":22},"end":{"line":91,"column":47}},"58":{"start":{"line":92,"column":8},"end":{"line":92,"column":36}},"59":{"start":{"line":94,"column":8},"end":{"line":94,"column":27}},"60":{"start":{"line":95,"column":8},"end":{"line":95,"column":34}},"61":{"start":{"line":89,"column":13},"end":{"line":89,"column":26}},"62":{"start":{"line":100,"column":27},"end":{"line":110,"column":2}},"63":{"start":{"line":100,"column":65},"end":{"line":110,"column":2}},"64":{"start":{"line":101,"column":15},"end":{"line":108,"column":null}},"65":{"start":{"line":103,"column":12},"end":{"line":107,"column":13}},"66":{"start":{"line":104,"column":16},"end":{"line":104,"column":null}},"67":{"start":{"line":106,"column":14},"end":{"line":106,"column":41}},"68":{"start":{"line":100,"column":13},"end":{"line":100,"column":27}},"69":{"start":{"line":111,"column":23},"end":{"line":118,"column":2}},"70":{"start":{"line":120,"column":0},"end":{"line":120,"column":null}}},"fnMap":{"0":{"name":"(anonymous_9)","decl":{"start":{"line":11,"column":26},"end":{"line":11,"column":33}},"loc":{"start":{"line":11,"column":64},"end":{"line":32,"column":2}}},"1":{"name":"(anonymous_10)","decl":{"start":{"line":11,"column":64},"end":{"line":11,"column":null}},"loc":{"start":{"line":11,"column":64},"end":{"line":32,"column":1}}},"2":{"name":"(anonymous_11)","decl":{"start":{"line":34,"column":26},"end":{"line":34,"column":33}},"loc":{"start":{"line":34,"column":64},"end":{"line":43,"column":2}}},"3":{"name":"(anonymous_12)","decl":{"start":{"line":34,"column":64},"end":{"line":34,"column":null}},"loc":{"start":{"line":34,"column":64},"end":{"line":43,"column":1}}},"4":{"name":"(anonymous_13)","decl":{"start":{"line":47,"column":25},"end":{"line":47,"column":32}},"loc":{"start":{"line":47,"column":63},"end":{"line":72,"column":2}}},"5":{"name":"(anonymous_14)","decl":{"start":{"line":47,"column":63},"end":{"line":47,"column":null}},"loc":{"start":{"line":47,"column":63},"end":{"line":72,"column":1}}},"6":{"name":"(anonymous_15)","decl":{"start":{"line":75,"column":26},"end":{"line":75,"column":33}},"loc":{"start":{"line":75,"column":64},"end":{"line":86,"column":2}}},"7":{"name":"(anonymous_16)","decl":{"start":{"line":75,"column":64},"end":{"line":75,"column":null}},"loc":{"start":{"line":75,"column":64},"end":{"line":86,"column":1}}},"8":{"name":"(anonymous_17)","decl":{"start":{"line":89,"column":26},"end":{"line":89,"column":33}},"loc":{"start":{"line":89,"column":64},"end":{"line":97,"column":2}}},"9":{"name":"(anonymous_18)","decl":{"start":{"line":89,"column":64},"end":{"line":89,"column":null}},"loc":{"start":{"line":89,"column":64},"end":{"line":97,"column":1}}},"10":{"name":"(anonymous_19)","decl":{"start":{"line":100,"column":27},"end":{"line":100,"column":34}},"loc":{"start":{"line":100,"column":65},"end":{"line":110,"column":2}}},"11":{"name":"(anonymous_20)","decl":{"start":{"line":100,"column":65},"end":{"line":100,"column":null}},"loc":{"start":{"line":100,"column":65},"end":{"line":110,"column":1}}},"12":{"name":"(anonymous_21)","decl":{"start":{"line":102,"column":37},"end":{"line":102,"column":38}},"loc":{"start":{"line":102,"column":45},"end":{"line":108,"column":11}}}},"branchMap":{"0":{"loc":{"start":{"line":38,"column":4},"end":{"line":42,"column":7}},"type":"if","locations":[{"start":{"line":38,"column":4},"end":{"line":42,"column":7}},{"start":{"line":40,"column":13},"end":{"line":42,"column":7}}]},"1":{"loc":{"start":{"line":53,"column":8},"end":{"line":55,"column":9}},"type":"if","locations":[{"start":{"line":53,"column":8},"end":{"line":55,"column":9}}]},"2":{"loc":{"start":{"line":60,"column":8},"end":{"line":62,"column":9}},"type":"if","locations":[{"start":{"line":60,"column":8},"end":{"line":62,"column":9}}]},"3":{"loc":{"start":{"line":78,"column":8},"end":{"line":80,"column":9}},"type":"if","locations":[{"start":{"line":78,"column":8},"end":{"line":80,"column":9}}]},"4":{"loc":{"start":{"line":103,"column":12},"end":{"line":107,"column":13}},"type":"if","locations":[{"start":{"line":103,"column":12},"end":{"line":107,"column":13}},{"start":{"line":105,"column":19},"end":{"line":107,"column":13}}]}},"s":{"0":3,"1":3,"2":3,"3":3,"4":3,"5":3,"6":3,"7":1,"8":1,"9":0,"10":0,"11":0,"12":0,"13":0,"14":0,"15":0,"16":0,"17":3,"18":3,"19":0,"20":0,"21":0,"22":0,"23":0,"24":3,"25":3,"26":0,"27":0,"28":0,"29":0,"30":0,"31":0,"32":0,"33":0,"34":0,"35":0,"36":0,"37":0,"38":0,"39":0,"40":0,"41":0,"42":0,"43":3,"44":3,"45":0,"46":0,"47":0,"48":0,"49":0,"50":0,"51":0,"52":0,"53":3,"54":3,"55":0,"56":0,"57":0,"58":0,"59":0,"60":0,"61":3,"62":3,"63":0,"64":0,"65":0,"66":0,"67":0,"68":3,"69":3,"70":3},"f":{"0":1,"1":1,"2":0,"3":0,"4":0,"5":0,"6":0,"7":0,"8":0,"9":0,"10":0,"11":0,"12":0},"b":{"0":[0,0],"1":[0],"2":[0],"3":[0],"4":[0,0]}}
,"C:\\Users\\Admin\\Desktop\\PortfolioBackend\\src\\Models\\Blogs.ts": {"path":"C:\\Users\\Admin\\Desktop\\PortfolioBackend\\src\\Models\\Blogs.ts","statementMap":{"0":{"start":{"line":1,"column":0},"end":{"line":1,"column":41}},"1":{"start":{"line":10,"column":18},"end":{"line":30,"column":23}},"2":{"start":{"line":32,"column":0},"end":{"line":32,"column":49}}},"fnMap":{},"branchMap":{},"s":{"0":3,"1":3,"2":3},"f":{},"b":{}}
,"C:\\Users\\Admin\\Desktop\\PortfolioBackend\\src\\Models\\Comments.ts": {"path":"C:\\Users\\Admin\\Desktop\\PortfolioBackend\\src\\Models\\Comments.ts","statementMap":{"0":{"start":{"line":1,"column":0},"end":{"line":1,"column":51}},"1":{"start":{"line":13,"column":30},"end":{"line":18,"column":2}},"2":{"start":{"line":21,"column":0},"end":{"line":21,"column":57}}},"fnMap":{},"branchMap":{},"s":{"0":3,"1":3,"2":3},"f":{},"b":{}}
,"C:\\Users\\Admin\\Desktop\\PortfolioBackend\\src\\Models\\Likes.ts": {"path":"C:\\Users\\Admin\\Desktop\\PortfolioBackend\\src\\Models\\Likes.ts","statementMap":{"0":{"start":{"line":1,"column":0},"end":{"line":1,"column":54}},"1":{"start":{"line":9,"column":27},"end":{"line":12,"column":2}},"2":{"start":{"line":14,"column":13},"end":{"line":14,"column":54}},"3":{"start":{"line":15,"column":0},"end":{"line":15,"column":20}}},"fnMap":{},"branchMap":{},"s":{"0":3,"1":3,"2":3,"3":3},"f":{},"b":{}}
,"C:\\Users\\Admin\\Desktop\\PortfolioBackend\\src\\Models\\User.ts": {"path":"C:\\Users\\Admin\\Desktop\\PortfolioBackend\\src\\Models\\User.ts","statementMap":{"0":{"start":{"line":1,"column":0},"end":{"line":1,"column":41}},"1":{"start":{"line":13,"column":18},"end":{"line":33,"column":23}},"2":{"start":{"line":35,"column":13},"end":{"line":35,"column":54}}},"fnMap":{},"branchMap":{},"s":{"0":3,"1":3,"2":3},"f":{},"b":{}}
,"C:\\Users\\Admin\\Desktop\\PortfolioBackend\\src\\Routes\\AllRoutes.ts": {"path":"C:\\Users\\Admin\\Desktop\\PortfolioBackend\\src\\Routes\\AllRoutes.ts","statementMap":{"0":{"start":{"line":1,"column":0},"end":{"line":1,"column":33}},"1":{"start":{"line":2,"column":0},"end":{"line":2,"column":58}},"2":{"start":{"line":3,"column":0},"end":{"line":3,"column":59}},"3":{"start":{"line":4,"column":0},"end":{"line":4,"column":65}},"4":{"start":{"line":5,"column":0},"end":{"line":5,"column":60}},"5":{"start":{"line":6,"column":0},"end":{"line":6,"column":43}},"6":{"start":{"line":7,"column":0},"end":{"line":7,"column":65}},"7":{"start":{"line":8,"column":16},"end":{"line":8,"column":24}},"8":{"start":{"line":11,"column":0},"end":{"line":11,"column":70}},"9":{"start":{"line":12,"column":0},"end":{"line":12,"column":76}},"10":{"start":{"line":13,"column":0},"end":{"line":13,"column":55}},"11":{"start":{"line":14,"column":0},"end":{"line":14,"column":53}},"12":{"start":{"line":15,"column":0},"end":{"line":15,"column":80}},"13":{"start":{"line":16,"column":0},"end":{"line":16,"column":77}},"14":{"start":{"line":18,"column":0},"end":{"line":18,"column":78}},"15":{"start":{"line":19,"column":0},"end":{"line":19,"column":84}},"16":{"start":{"line":20,"column":0},"end":{"line":20,"column":74}},"17":{"start":{"line":21,"column":0},"end":{"line":21,"column":80}},"18":{"start":{"line":22,"column":0},"end":{"line":22,"column":77}},"19":{"start":{"line":25,"column":0},"end":{"line":25,"column":83}},"20":{"start":{"line":26,"column":0},"end":{"line":26,"column":87}},"21":{"start":{"line":27,"column":0},"end":{"line":27,"column":87}},"22":{"start":{"line":28,"column":0},"end":{"line":28,"column":88}},"23":{"start":{"line":29,"column":0},"end":{"line":29,"column":81}},"24":{"start":{"line":31,"column":0},"end":{"line":31,"column":73}},"25":{"start":{"line":32,"column":0},"end":{"line":32,"column":75}},"26":{"start":{"line":33,"column":0},"end":{"line":33,"column":88}},"27":{"start":{"line":34,"column":0},"end":{"line":34,"column":72}},"28":{"start":{"line":35,"column":0},"end":{"line":35,"column":78}},"29":{"start":{"line":38,"column":0},"end":{"line":38,"column":null}}},"fnMap":{},"branchMap":{"0":{"loc":{"start":{"line":18,"column":34},"end":{"line":18,"column":49}},"type":"binary-expr","locations":[{"start":{"line":18,"column":34},"end":{"line":18,"column":40}},{"start":{"line":18,"column":42},"end":{"line":18,"column":49}}]},"1":{"loc":{"start":{"line":19,"column":39},"end":{"line":19,"column":54}},"type":"binary-expr","locations":[{"start":{"line":19,"column":39},"end":{"line":19,"column":45}},{"start":{"line":19,"column":47},"end":{"line":19,"column":54}}]},"2":{"loc":{"start":{"line":33,"column":44},"end":{"line":33,"column":59}},"type":"binary-expr","locations":[{"start":{"line":33,"column":44},"end":{"line":33,"column":50}},{"start":{"line":33,"column":52},"end":{"line":33,"column":59}}]}},"s":{"0":3,"1":3,"2":3,"3":3,"4":3,"5":3,"6":3,"7":3,"8":3,"9":3,"10":3,"11":3,"12":3,"13":3,"14":3,"15":3,"16":3,"17":3,"18":3,"19":3,"20":3,"21":3,"22":3,"23":3,"24":3,"25":3,"26":3,"27":3,"28":3,"29":3},"f":{},"b":{"0":[3,0],"1":[3,0],"2":[3,0]}}
,"C:\\Users\\Admin\\Desktop\\PortfolioBackend\\src\\middleware\\Auth\\isAuthorized.ts": {"path":"C:\\Users\\Admin\\Desktop\\PortfolioBackend\\src\\middleware\\Auth\\isAuthorized.ts","statementMap":{"0":{"start":{"line":1,"column":0},"end":{"line":1,"column":28}},"1":{"start":{"line":2,"column":0},"end":{"line":2,"column":40}},"2":{"start":{"line":6,"column":0},"end":{"line":6,"column":null}},"3":{"start":{"line":16,"column":23},"end":{"line":26,"column":1}},"4":{"start":{"line":19,"column":4},"end":{"line":25,"column":5}},"5":{"start":{"line":20,"column":8},"end":{"line":20,"column":15}},"6":{"start":{"line":22,"column":8},"end":{"line":24,"column":11}},"7":{"start":{"line":16,"column":13},"end":{"line":16,"column":23}},"8":{"start":{"line":28,"column":22},"end":{"line":38,"column":1}},"9":{"start":{"line":29,"column":4},"end":{"line":29,"column":44}},"10":{"start":{"line":31,"column":4},"end":{"line":37,"column":5}},"11":{"start":{"line":32,"column":8},"end":{"line":32,"column":15}},"12":{"start":{"line":34,"column":8},"end":{"line":36,"column":11}},"13":{"start":{"line":28,"column":13},"end":{"line":28,"column":22}},"14":{"start":{"line":41,"column":22},"end":{"line":43,"column":null}},"15":{"start":{"line":44,"column":0},"end":{"line":44,"column":null}}},"fnMap":{"0":{"name":"(anonymous_1)","decl":{"start":{"line":16,"column":23},"end":{"line":16,"column":24}},"loc":{"start":{"line":16,"column":81},"end":{"line":26,"column":1}}},"1":{"name":"(anonymous_2)","decl":{"start":{"line":28,"column":22},"end":{"line":28,"column":23}},"loc":{"start":{"line":28,"column":80},"end":{"line":38,"column":1}}}},"branchMap":{"0":{"loc":{"start":{"line":19,"column":4},"end":{"line":25,"column":5}},"type":"if","locations":[{"start":{"line":19,"column":4},"end":{"line":25,"column":5}},{"start":{"line":21,"column":11},"end":{"line":25,"column":5}}]},"1":{"loc":{"start":{"line":19,"column":8},"end":{"line":19,"column":53}},"type":"binary-expr","locations":[{"start":{"line":19,"column":8},"end":{"line":19,"column":20}},{"start":{"line":19,"column":24},"end":{"line":19,"column":53}}]},"2":{"loc":{"start":{"line":31,"column":4},"end":{"line":37,"column":5}},"type":"if","locations":[{"start":{"line":31,"column":4},"end":{"line":37,"column":5}},{"start":{"line":33,"column":11},"end":{"line":37,"column":5}}]},"3":{"loc":{"start":{"line":31,"column":8},"end":{"line":31,"column":53}},"type":"binary-expr","locations":[{"start":{"line":31,"column":8},"end":{"line":31,"column":20}},{"start":{"line":31,"column":24},"end":{"line":31,"column":53}}]}},"s":{"0":3,"1":3,"2":3,"3":3,"4":5,"5":5,"6":0,"7":3,"8":3,"9":2,"10":2,"11":2,"12":0,"13":3,"14":3,"15":3},"f":{"0":5,"1":2},"b":{"0":[5,0],"1":[5,5],"2":[2,0],"3":[2,2]}}
,"C:\\Users\\Admin\\Desktop\\PortfolioBackend\\src\\middleware\\uploads\\MulterUpload.ts": {"path":"C:\\Users\\Admin\\Desktop\\PortfolioBackend\\src\\middleware\\uploads\\MulterUpload.ts","statementMap":{"0":{"start":{"line":1,"column":0},"end":{"line":1,"column":28}},"1":{"start":{"line":3,"column":16},"end":{"line":9,"column":2}},"2":{"start":{"line":7,"column":4},"end":{"line":7,"column":32}},"3":{"start":{"line":11,"column":16},"end":{"line":11,"column":44}},"4":{"start":{"line":13,"column":0},"end":{"line":13,"column":23}}},"fnMap":{"0":{"name":"(anonymous_1)","decl":{"start":{"line":5,"column":12},"end":{"line":5,"column":22}},"loc":{"start":{"line":5,"column":35},"end":{"line":8,"column":3}}}},"branchMap":{},"s":{"0":3,"1":3,"2":0,"3":3,"4":3},"f":{"0":0},"b":{}}
}
