TN:
SF:src\app.ts
FN:20,(anonymous_1)
FN:23,(anonymous_2)
FNF:2
FNH:2
FNDA:1,(anonymous_1)
FNDA:1,(anonymous_2)
DA:2,3
DA:3,3
DA:4,3
DA:5,3
DA:8,3
DA:10,3
DA:13,3
DA:14,3
DA:15,0
DA:16,0
DA:19,3
DA:20,3
DA:21,1
DA:23,3
DA:24,1
DA:27,3
LF:16
LH:14
BRDA:13,0,0,3
BRDA:13,0,1,0
BRDA:15,1,0,0
BRF:3
BRH:1
end_of_record
TN:
SF:src\cloudinary.ts
FN:12,(anonymous_8)
FN:12,(anonymous_9)
FNF:2
FNH:0
FNDA:0,(anonymous_8)
FNDA:0,(anonymous_9)
DA:1,3
DA:2,3
DA:4,3
DA:6,3
DA:12,3
DA:13,0
DA:14,0
DA:15,0
DA:17,0
DA:18,0
DA:22,3
LF:11
LH:6
BRF:0
BRH:0
end_of_record
TN:
SF:src\server.ts
FN:7,(anonymous_8)
FN:7,(anonymous_9)
FNF:2
FNH:2
FNDA:6,(anonymous_8)
FNDA:6,(anonymous_9)
DA:1,3
DA:2,3
DA:4,3
DA:7,6
DA:8,6
DA:9,6
DA:10,2
DA:12,3
DA:15,3
LF:9
LH:9
BRF:0
BRH:0
end_of_record
TN:
SF:src\Authorize\auth.ts
FN:8,(anonymous_1)
FNF:1
FNH:1
FNDA:7,(anonymous_1)
DA:2,3
DA:8,3
DA:9,7
DA:10,7
DA:11,7
DA:12,7
DA:13,7
DA:14,0
DA:17,7
DA:18,0
DA:21,7
DA:22,7
DA:24,7
DA:26,7
DA:28,0
DA:29,0
DA:38,3
LF:17
LH:13
BRDA:12,0,0,7
BRDA:12,0,1,7
BRDA:13,1,0,0
BRDA:17,2,0,0
BRF:4
BRH:2
end_of_record
TN:
SF:src\Controllers\BlogController.ts
FN:8,(anonymous_8)
FN:8,(anonymous_9)
FN:10,(anonymous_10)
FN:10,(anonymous_11)
FN:37,(anonymous_12)
FN:37,(anonymous_13)
FN:51,(anonymous_14)
FN:51,(anonymous_15)
FN:53,(anonymous_16)
FN:53,(anonymous_17)
FN:88,(anonymous_18)
FN:88,(anonymous_19)
FN:99,(anonymous_20)
FN:99,(anonymous_21)
FNF:14
FNH:14
FNDA:1,(anonymous_8)
FNDA:1,(anonymous_9)
FNDA:1,(anonymous_10)
FNDA:1,(anonymous_11)
FNDA:2,(anonymous_12)
FNDA:2,(anonymous_13)
FNDA:2,(anonymous_14)
FNDA:2,(anonymous_15)
FNDA:2,(anonymous_16)
FNDA:2,(anonymous_17)
FNDA:1,(anonymous_18)
FNDA:1,(anonymous_19)
FNDA:1,(anonymous_20)
FNDA:1,(anonymous_21)
DA:2,3
DA:3,3
DA:5,3
DA:8,3
DA:9,1
DA:10,1
DA:11,1
DA:12,0
DA:13,0
DA:16,1
DA:17,1
DA:22,1
DA:24,0
DA:28,0
DA:29,0
DA:37,3
DA:38,2
DA:39,2
DA:40,0
DA:41,0
DA:43,0
DA:45,2
DA:46,2
DA:51,3
DA:52,2
DA:53,2
DA:54,2
DA:55,0
DA:56,0
DA:59,2
DA:60,2
DA:62,0
DA:63,0
DA:66,0
DA:67,0
DA:69,0
DA:70,0
DA:71,0
DA:74,0
DA:76,0
DA:78,2
DA:79,2
DA:83,0
DA:84,0
DA:88,3
DA:89,1
DA:90,1
DA:91,1
DA:93,0
DA:94,0
DA:99,3
DA:100,1
DA:101,1
DA:102,0
DA:103,0
DA:105,0
DA:107,1
DA:108,1
DA:112,3
DA:120,3
LF:60
LH:34
BRDA:11,0,0,0
BRDA:16,1,0,0
BRDA:16,1,1,1
BRDA:19,2,0,1
BRDA:19,2,1,1
BRDA:40,3,0,0
BRDA:54,4,0,0
BRDA:62,5,0,0
BRDA:66,6,0,0
BRDA:66,6,1,0
BRDA:67,7,0,0
BRDA:67,7,1,0
BRDA:69,8,0,0
BRDA:102,9,0,0
BRF:14
BRH:3
end_of_record
TN:
SF:src\Controllers\CommentController.ts
FN:4,(anonymous_8)
FN:4,(anonymous_9)
FN:15,(anonymous_10)
FN:15,(anonymous_11)
FN:30,(anonymous_12)
FN:30,(anonymous_13)
FN:46,(anonymous_14)
FN:46,(anonymous_15)
FN:61,(anonymous_16)
FN:61,(anonymous_17)
FNF:10
FNH:0
FNDA:0,(anonymous_8)
FNDA:0,(anonymous_9)
FNDA:0,(anonymous_10)
FNDA:0,(anonymous_11)
FNDA:0,(anonymous_12)
FNDA:0,(anonymous_13)
FNDA:0,(anonymous_14)
FNDA:0,(anonymous_15)
FNDA:0,(anonymous_16)
FNDA:0,(anonymous_17)
DA:2,3
DA:4,3
DA:5,0
DA:6,0
DA:7,0
DA:8,0
DA:10,0
DA:11,0
DA:15,3
DA:16,0
DA:17,0
DA:18,0
DA:19,0
DA:20,0
DA:22,0
DA:25,0
DA:26,0
DA:30,3
DA:31,0
DA:32,0
DA:33,0
DA:34,0
DA:35,0
DA:36,0
DA:38,0
DA:41,0
DA:42,0
DA:46,3
DA:47,0
DA:48,0
DA:49,0
DA:50,0
DA:51,0
DA:53,0
DA:56,0
DA:57,0
DA:61,3
DA:62,0
DA:63,0
DA:64,0
DA:65,0
DA:67,0
DA:68,0
DA:72,3
DA:80,3
LF:45
LH:8
BRDA:19,0,0,0
BRDA:19,0,1,0
BRDA:35,1,0,0
BRDA:35,1,1,0
BRDA:50,2,0,0
BRDA:50,2,1,0
BRF:6
BRH:0
end_of_record
TN:
SF:src\Controllers\LikesController.ts
FN:5,(anonymous_8)
FN:5,(anonymous_9)
FN:18,(anonymous_10)
FN:18,(anonymous_11)
FN:32,(anonymous_12)
FN:32,(anonymous_13)
FN:48,(anonymous_14)
FN:48,(anonymous_15)
FN:58,(anonymous_16)
FN:58,(anonymous_17)
FN:74,(anonymous_18)
FN:74,(anonymous_19)
FNF:12
FNH:0
FNDA:0,(anonymous_8)
FNDA:0,(anonymous_9)
FNDA:0,(anonymous_10)
FNDA:0,(anonymous_11)
FNDA:0,(anonymous_12)
FNDA:0,(anonymous_13)
FNDA:0,(anonymous_14)
FNDA:0,(anonymous_15)
FNDA:0,(anonymous_16)
FNDA:0,(anonymous_17)
FNDA:0,(anonymous_18)
FNDA:0,(anonymous_19)
DA:2,3
DA:5,3
DA:6,0
DA:7,0
DA:8,0
DA:9,0
DA:11,0
DA:12,0
DA:18,3
DA:19,0
DA:20,0
DA:21,0
DA:23,0
DA:24,0
DA:26,0
DA:27,0
DA:32,3
DA:33,0
DA:34,0
DA:35,0
DA:36,0
DA:37,0
DA:39,0
DA:42,0
DA:43,0
DA:48,3
DA:49,0
DA:50,0
DA:51,0
DA:53,0
DA:54,0
DA:58,3
DA:59,0
DA:60,0
DA:61,0
DA:62,0
DA:63,0
DA:65,0
DA:68,0
DA:69,0
DA:74,3
DA:75,0
DA:76,0
DA:77,0
DA:78,0
DA:79,0
DA:80,0
DA:81,0
DA:83,0
DA:86,0
DA:87,0
DA:92,3
DA:100,3
LF:53
LH:9
BRDA:36,0,0,0
BRDA:36,0,1,0
BRDA:62,1,0,0
BRDA:62,1,1,0
BRDA:80,2,0,0
BRDA:80,2,1,0
BRF:6
BRH:0
end_of_record
TN:
SF:src\Controllers\UserController.ts
FN:11,(anonymous_9)
FN:11,(anonymous_10)
FN:34,(anonymous_11)
FN:34,(anonymous_12)
FN:47,(anonymous_13)
FN:47,(anonymous_14)
FN:75,(anonymous_15)
FN:75,(anonymous_16)
FN:89,(anonymous_17)
FN:89,(anonymous_18)
FN:100,(anonymous_19)
FN:100,(anonymous_20)
FN:102,(anonymous_21)
FNF:13
FNH:2
FNDA:1,(anonymous_9)
FNDA:1,(anonymous_10)
FNDA:0,(anonymous_11)
FNDA:0,(anonymous_12)
FNDA:0,(anonymous_13)
FNDA:0,(anonymous_14)
FNDA:0,(anonymous_15)
FNDA:0,(anonymous_16)
FNDA:0,(anonymous_17)
FNDA:0,(anonymous_18)
FNDA:0,(anonymous_19)
FNDA:0,(anonymous_20)
FNDA:0,(anonymous_21)
DA:2,3
DA:3,3
DA:4,3
DA:5,3
DA:6,3
DA:9,3
DA:11,3
DA:12,1
DA:13,0
DA:15,0
DA:17,0
DA:19,0
DA:26,0
DA:27,0
DA:29,0
DA:30,0
DA:34,3
DA:35,0
DA:38,0
DA:39,0
DA:41,0
DA:47,3
DA:48,0
DA:50,0
DA:51,0
DA:53,0
DA:54,0
DA:57,0
DA:58,0
DA:60,0
DA:61,0
DA:63,0
DA:65,0
DA:66,0
DA:69,0
DA:70,0
DA:75,3
DA:76,0
DA:77,0
DA:78,0
DA:79,0
DA:81,0
DA:83,0
DA:84,0
DA:89,3
DA:90,0
DA:91,0
DA:92,0
DA:94,0
DA:95,0
DA:100,3
DA:101,0
DA:103,0
DA:104,0
DA:106,0
DA:111,3
DA:120,3
LF:57
LH:15
BRDA:38,0,0,0
BRDA:38,0,1,0
BRDA:53,1,0,0
BRDA:60,2,0,0
BRDA:78,3,0,0
BRDA:103,4,0,0
BRDA:103,4,1,0
BRF:7
BRH:0
end_of_record
TN:
SF:src\Models\Blogs.ts
FNF:0
FNH:0
DA:1,3
DA:10,3
DA:32,3
LF:3
LH:3
BRF:0
BRH:0
end_of_record
TN:
SF:src\Models\Comments.ts
FNF:0
FNH:0
DA:1,3
DA:13,3
DA:21,3
LF:3
LH:3
BRF:0
BRH:0
end_of_record
TN:
SF:src\Models\Likes.ts
FNF:0
FNH:0
DA:1,3
DA:9,3
DA:14,3
DA:15,3
LF:4
LH:4
BRF:0
BRH:0
end_of_record
TN:
SF:src\Models\User.ts
FNF:0
FNH:0
DA:1,3
DA:13,3
DA:35,3
LF:3
LH:3
BRF:0
BRH:0
end_of_record
TN:
SF:src\Routes\AllRoutes.ts
FNF:0
FNH:0
DA:1,3
DA:2,3
DA:3,3
DA:4,3
DA:5,3
DA:6,3
DA:7,3
DA:8,3
DA:11,3
DA:12,3
DA:13,3
DA:14,3
DA:15,3
DA:16,3
DA:18,3
DA:19,3
DA:20,3
DA:21,3
DA:22,3
DA:25,3
DA:26,3
DA:27,3
DA:28,3
DA:29,3
DA:31,3
DA:32,3
DA:33,3
DA:34,3
DA:35,3
DA:38,3
LF:30
LH:30
BRDA:18,0,0,3
BRDA:18,0,1,0
BRDA:19,1,0,3
BRDA:19,1,1,0
BRDA:33,2,0,3
BRDA:33,2,1,0
BRF:6
BRH:3
end_of_record
TN:
SF:src\middleware\Auth\isAuthorized.ts
FN:16,(anonymous_1)
FN:28,(anonymous_2)
FNF:2
FNH:2
FNDA:5,(anonymous_1)
FNDA:2,(anonymous_2)
DA:1,3
DA:2,3
DA:6,3
DA:16,3
DA:19,5
DA:20,5
DA:22,0
DA:28,3
DA:29,2
DA:31,2
DA:32,2
DA:34,0
DA:41,3
DA:44,3
LF:14
LH:12
BRDA:19,0,0,5
BRDA:19,0,1,0
BRDA:19,1,0,5
BRDA:19,1,1,5
BRDA:31,2,0,2
BRDA:31,2,1,0
BRDA:31,3,0,2
BRDA:31,3,1,2
BRF:8
BRH:6
end_of_record
TN:
SF:src\middleware\uploads\MulterUpload.ts
FN:5,(anonymous_1)
FNF:1
FNH:0
FNDA:0,(anonymous_1)
DA:1,3
DA:3,3
DA:7,0
DA:11,3
DA:13,3
LF:5
LH:4
BRF:0
BRH:0
end_of_record
